<?xml version="1.0" encoding="UTF-8"?>
<!-- Generated by org.testng.reporters.JUnitReportReporter -->
<testsuite skipped="0" hostname="PBLAP802" name="com.qa.testcases_tw.Testcase1" tests="1" failures="0" timestamp="21 Feb 2019 08:24:20 GMT" time="50.226" errors="0">
  <testcase name="getquotestest" time="50.226" classname="com.qa.testcases_tw.Testcase1"/>
</testsuite> <!-- com.qa.testcases_tw.Testcase1 -->
