<?xml version="1.0" encoding="UTF-8"?>
<!-- Generated by org.testng.reporters.JUnitReportReporter -->
<testsuite skipped="0" hostname="PBLAP802" name="com.gareport.ApiTest" tests="1" failures="0" timestamp="04 Mar 2019 11:24:28 GMT" time="109.751" errors="0">
  <testcase name="returnapi" time="109.751" classname="com.gareport.ApiTest"/>
</testsuite> <!-- com.gareport.ApiTest -->
