<?xml version="1.0" encoding="UTF-8"?>
<!-- Generated by org.testng.reporters.JUnitReportReporter -->
<testsuite skipped="0" hostname="PBLAP802" name="com.qa.testcases_tw.Testtest" tests="1" failures="0" timestamp="04 Mar 2019 10:04:32 GMT" time="36.475" errors="0">
  <testcase name="getquotestest" time="36.475" classname="com.qa.testcases_tw.Testtest"/>
</testsuite> <!-- com.qa.testcases_tw.Testtest -->
