<?xml version="1.0" encoding="UTF-8"?>
<!-- Generated by org.testng.reporters.JUnitReportReporter -->
<testsuite skipped="0" hostname="PBLAP802" name="com.gareport.ApiTest" tests="1" failures="0" timestamp="14 Feb 2019 11:06:06 GMT" time="117.958" errors="0">
  <testcase name="returnapi" time="117.958" classname="com.gareport.ApiTest"/>
</testsuite> <!-- com.gareport.ApiTest -->
