<?xml version="1.0" encoding="UTF-8"?>
<!-- Generated by org.testng.reporters.JUnitReportReporter -->
<testsuite skipped="0" hostname="PBLAP802" name="com.fw.qa.utilities.ApiTest" tests="1" failures="0" timestamp="08 Feb 2019 10:15:42 GMT" time="127.151" errors="0">
  <testcase name="returnapi" time="127.151" classname="com.fw.qa.utilities.ApiTest"/>
</testsuite> <!-- com.fw.qa.utilities.ApiTest -->
