<?xml version="1.0" encoding="UTF-8"?>
<!-- Generated by org.testng.reporters.JUnitReportReporter -->
<testsuite skipped="0" hostname="PBLAP802" name="com.qa.testscases_motor.Testcase1" tests="1" failures="0" timestamp="03 Apr 2019 12:34:03 GMT" time="240.953" errors="0">
  <testcase name="getquotestest" time="240.953" classname="com.qa.testscases_motor.Testcase1"/>
</testsuite> <!-- com.qa.testscases_motor.Testcase1 -->
