<?xml version="1.0" encoding="UTF-8"?>
<!-- Generated by org.testng.reporters.JUnitReportReporter -->
<testsuite skipped="0" hostname="PBLAP802" name="com.qa.testcases_tw.Testcase2" tests="1" failures="0" timestamp="27 Mar 2019 12:41:10 GMT" time="137.407" errors="0">
  <testcase name="getquotestest" time="137.407" classname="com.qa.testcases_tw.Testcase2"/>
</testsuite> <!-- com.qa.testcases_tw.Testcase2 -->
