<?xml version="1.0" encoding="UTF-8"?>
<!-- Generated by org.testng.reporters.JUnitReportReporter -->
<testsuite skipped="0" hostname="PBLAP802" name="com.gareport.ApiTest" tests="1" failures="0" timestamp="15 Feb 2019 07:13:32 GMT" time="107.720" errors="0">
  <testcase name="returnapi" time="107.720" classname="com.gareport.ApiTest"/>
</testsuite> <!-- com.gareport.ApiTest -->
