<?xml version="1.0" encoding="UTF-8"?>
<!-- Generated by org.testng.reporters.JUnitReportReporter -->
<testsuite skipped="0" hostname="PBLAP802" name="com.qa.testcases.GAtestcase2" tests="1" failures="0" timestamp="14 Feb 2019 09:27:50 GMT" time="37.405" errors="0">
  <testcase name="getquotestest" time="37.405" classname="com.qa.testcases.GAtestcase2"/>
</testsuite> <!-- com.qa.testcases.GAtestcase2 -->
