<?xml version="1.0" encoding="UTF-8"?>
<!-- Generated by org.testng.reporters.JUnitReportReporter -->
<testsuite skipped="0" hostname="PBLAP802" name="com.qa.testcases.GAtestcase3" tests="1" failures="0" timestamp="19 Feb 2019 09:17:50 GMT" time="71.212" errors="0">
  <testcase name="getquotestest" time="71.212" classname="com.qa.testcases.GAtestcase3"/>
</testsuite> <!-- com.qa.testcases.GAtestcase3 -->
