<?xml version="1.0" encoding="UTF-8"?>
<!-- Generated by org.testng.reporters.JUnitReportReporter -->
<testsuite skipped="0" hostname="PBLAP802" name="com.fw.qa.utilities.GoogleAnalytics" tests="1" failures="0" timestamp="04 Feb 2019 07:06:33 GMT" time="103.137" errors="0">
  <testcase name="getData" time="103.137" classname="com.fw.qa.utilities.GoogleAnalytics"/>
</testsuite> <!-- com.fw.qa.utilities.GoogleAnalytics -->
