<?xml version="1.0" encoding="UTF-8"?>
<!-- Generated by org.testng.reporters.JUnitReportReporter -->
<testsuite skipped="0" hostname="PBLAP802" name="com.qa.testcases.GAtestcase2" tests="1" failures="0" timestamp="15 Feb 2019 07:00:43 GMT" time="60.812" errors="0">
  <testcase name="getquotestest" time="60.812" classname="com.qa.testcases.GAtestcase2"/>
</testsuite> <!-- com.qa.testcases.GAtestcase2 -->
