<?xml version="1.0" encoding="UTF-8"?>
<!-- Generated by org.testng.reporters.JUnitReportReporter -->
<testsuite skipped="0" hostname="PBLAP802" name="com.fw.qa.utilities.Database" tests="1" failures="0" timestamp="07 Feb 2019 11:25:12 GMT" time="0.155" errors="0">
  <testcase name="insertdata" time="0.155" classname="com.fw.qa.utilities.Database"/>
</testsuite> <!-- com.fw.qa.utilities.Database -->
