<?xml version="1.0" encoding="UTF-8"?>
<!-- Generated by org.testng.reporters.JUnitReportReporter -->
<testsuite skipped="0" hostname="PBLAP802" name="com.gareport.ApiTest" tests="1" failures="0" timestamp="18 Mar 2019 12:39:50 GMT" time="94.814" errors="0">
  <testcase name="returnapi" time="94.814" classname="com.gareport.ApiTest"/>
</testsuite> <!-- com.gareport.ApiTest -->
