<?xml version="1.0" encoding="UTF-8"?>
<!-- Generated by org.testng.reporters.JUnitReportReporter -->
<testsuite skipped="0" hostname="PBLAP802" name="com.qa.testcases.GAtestcase1" tests="1" failures="0" timestamp="12 Feb 2019 08:31:14 GMT" time="36.529" errors="0">
  <testcase name="getquotestest" time="36.529" classname="com.qa.testcases.GAtestcase1"/>
</testsuite> <!-- com.qa.testcases.GAtestcase1 -->
