<?xml version="1.0" encoding="UTF-8"?>
<!-- Generated by org.testng.reporters.JUnitReportReporter -->
<testsuite skipped="0" hostname="PBLAP802" name="com.qa.testcases_health.GAtestcase3" tests="1" failures="0" timestamp="18 Mar 2019 12:31:26 GMT" time="42.465" errors="0">
  <testcase name="getquotestest" time="42.465" classname="com.qa.testcases_health.GAtestcase3"/>
</testsuite> <!-- com.qa.testcases_health.GAtestcase3 -->
