<?xml version="1.0" encoding="UTF-8"?>
<!-- Generated by org.testng.reporters.JUnitReportReporter -->
<testsuite skipped="0" hostname="PBLAP802" name="com.gareport.ApiTest" tests="1" failures="0" timestamp="19 Feb 2019 09:59:57 GMT" time="95.538" errors="0">
  <testcase name="returnapi" time="95.538" classname="com.gareport.ApiTest"/>
</testsuite> <!-- com.gareport.ApiTest -->
